<?xml version="1.0" encoding="UTF-8"?>
<!-- Generated by org.testng.reporters.JUnitXMLReporter -->
<testsuite hostname="840G3" ignored="0" name="EdgeTest" tests="16" failures="0" timestamp="2021-02-10T21:30:17 PST" time="0.229" errors="0">
  <testcase name="@BeforeClass Setup" time="0.073" classname="InputSuite.AB_suit">
    <failure type="java.lang.IllegalStateException" message="The driver executable does not exist: C:\Users\Usman\Downloads\edgedriver_win64(1)\msedgedriver.exe">
      <![CDATA[java.lang.IllegalStateException: The driver executable does not exist: C:\Users\Usman\Downloads\edgedriver_win64(1)\msedgedriver.exe
at com.google.common.base.Preconditions.checkState(Preconditions.java:585)
at org.openqa.selenium.remote.service.DriverService.checkExecutable(DriverService.java:137)
at org.openqa.selenium.remote.service.DriverService.findExecutable(DriverService.java:132)
at org.openqa.selenium.edge.EdgeDriverService.access$000(EdgeDriverService.java:37)
at org.openqa.selenium.edge.EdgeDriverService$Builder.findDefaultExecutable(EdgeDriverService.java:90)
at org.openqa.selenium.remote.service.DriverService$Builder.build(DriverService.java:346)
at org.openqa.selenium.edge.EdgeDriverService.createDefaultService(EdgeDriverService.java:70)
at org.openqa.selenium.edge.EdgeDriver.<init>(EdgeDriver.java:96)
at InputSuite.AB_suit.Setup(AB_suit.java:118)
at java.util.ArrayList.forEach(Unknown Source)
at java.util.concurrent.FutureTask.run(Unknown Source)
at java.util.concurrent.ThreadPoolExecutor.runWorker(Unknown Source)
at java.util.concurrent.ThreadPoolExecutor$Worker.run(Unknown Source)
at java.lang.Thread.run(Unknown Source)
... Removed 16 stack frames]]>
    </failure>
  </testcase> <!-- @BeforeClass Setup -->
  <testcase name="@AfterMethod fetchTestResult" time="-1.613021417751E9" classname="InputSuite.AB_suit">
    <skipped/>
  </testcase> <!-- @AfterMethod fetchTestResult -->
  <testcase name="@AfterMethod fetchTestResult" time="-1.613021417758E9" classname="InputSuite.AB_suit">
    <skipped/>
  </testcase> <!-- @AfterMethod fetchTestResult -->
  <testcase name="@AfterMethod fetchTestResult" time="-1.613021417765E9" classname="InputSuite.AB_suit">
    <skipped/>
  </testcase> <!-- @AfterMethod fetchTestResult -->
  <testcase name="@AfterMethod fetchTestResult" time="-1.613021417776E9" classname="InputSuite.AB_suit">
    <skipped/>
  </testcase> <!-- @AfterMethod fetchTestResult -->
  <testcase name="@AfterMethod fetchTestResult" time="-1.613021417794E9" classname="InputSuite.AB_suit">
    <skipped/>
  </testcase> <!-- @AfterMethod fetchTestResult -->
  <testcase name="@AfterMethod fetchTestResult" time="-1.6130214178E9" classname="InputSuite.AB_suit">
    <skipped/>
  </testcase> <!-- @AfterMethod fetchTestResult -->
  <testcase name="@AfterMethod fetchTestResult" time="-1.613021417806E9" classname="InputSuite.AB_suit">
    <skipped/>
  </testcase> <!-- @AfterMethod fetchTestResult -->
  <testcase name="@AfterMethod fetchTestResult" time="-1.613021417812E9" classname="InputSuite.AB_suit">
    <skipped/>
  </testcase> <!-- @AfterMethod fetchTestResult -->
  <testcase name="@AfterMethod fetchTestResult" time="-1.613021417817E9" classname="InputSuite.AB_suit">
    <skipped/>
  </testcase> <!-- @AfterMethod fetchTestResult -->
  <testcase name="@AfterMethod fetchTestResult" time="-1.613021417822E9" classname="InputSuite.AB_suit">
    <skipped/>
  </testcase> <!-- @AfterMethod fetchTestResult -->
  <testcase name="@AfterMethod fetchTestResult" time="-1.613021417828E9" classname="InputSuite.AB_suit">
    <skipped/>
  </testcase> <!-- @AfterMethod fetchTestResult -->
  <testcase name="@AfterMethod fetchTestResult" time="-1.613021417833E9" classname="InputSuite.AB_suit">
    <skipped/>
  </testcase> <!-- @AfterMethod fetchTestResult -->
  <testcase name="@AfterMethod fetchTestResult" time="-1.61302141784E9" classname="InputSuite.AB_suit">
    <skipped/>
  </testcase> <!-- @AfterMethod fetchTestResult -->
  <testcase name="@AfterMethod fetchTestResult" time="-1.613021417844E9" classname="InputSuite.AB_suit">
    <skipped/>
  </testcase> <!-- @AfterMethod fetchTestResult -->
  <testcase name="@AfterMethod fetchTestResult" time="-1.613021417848E9" classname="InputSuite.AB_suit">
    <skipped/>
  </testcase> <!-- @AfterMethod fetchTestResult -->
  <testcase name="@AfterMethod fetchTestResult" time="-1.613021417853E9" classname="InputSuite.AB_suit">
    <skipped/>
  </testcase> <!-- @AfterMethod fetchTestResult -->
  <testcase name="testaddNewContact" time="0.0" classname="InputSuite.AB_suit">
    <skipped/>
  </testcase> <!-- testaddNewContact -->
  <testcase name="testAddNewGroup" time="0.0" classname="InputSuite.AB_suit">
    <skipped/>
  </testcase> <!-- testAddNewGroup -->
  <testcase name="testGroups" time="0.0" classname="InputSuite.AB_suit">
    <skipped/>
  </testcase> <!-- testGroups -->
  <testcase name="testAssignGroup" time="0.0" classname="InputSuite.AB_suit">
    <skipped/>
  </testcase> <!-- testAssignGroup -->
  <testcase name="testeditGroup" time="0.0" classname="InputSuite.AB_suit">
    <skipped/>
  </testcase> <!-- testeditGroup -->
  <testcase name="testaddNewPage" time="0.0" classname="InputSuite.AB_suit">
    <skipped/>
  </testcase> <!-- testaddNewPage -->
  <testcase name="testdeleteItem" time="0.0" classname="InputSuite.AB_suit">
    <skipped/>
  </testcase> <!-- testdeleteItem -->
  <testcase name="testprintAll" time="0.0" classname="InputSuite.AB_suit">
    <skipped/>
  </testcase> <!-- testprintAll -->
  <testcase name="testprintPhones" time="0.0" classname="InputSuite.AB_suit">
    <skipped/>
  </testcase> <!-- testprintPhones -->
  <testcase name="testExportAllRecordCSVFile" time="0.0" classname="InputSuite.AB_suit">
    <skipped/>
  </testcase> <!-- testExportAllRecordCSVFile -->
  <testcase name="testnextBirthdays" time="0.0" classname="InputSuite.AB_suit">
    <skipped/>
  </testcase> <!-- testnextBirthdays -->
  <testcase name="CheckPhonesTest" time="0.0" classname="InputSuite.AB_suit">
    <skipped/>
  </testcase> <!-- CheckPhonesTest -->
  <testcase name="SearchEntryTest" time="0.0" classname="InputSuite.AB_suit">
    <skipped/>
  </testcase> <!-- SearchEntryTest -->
  <testcase name="testAddMultipleContactEnteries" time="0.0" classname="InputSuite.AB_suit">
    <skipped/>
  </testcase> <!-- testAddMultipleContactEnteries -->
  <testcase name="testAddMultipleMultipleGroups" time="0.0" classname="InputSuite.AB_suit">
    <skipped/>
  </testcase> <!-- testAddMultipleMultipleGroups -->
  <testcase name="testVerifyWrongEntry" time="0.0" classname="InputSuite.AB_suit">
    <skipped/>
  </testcase> <!-- testVerifyWrongEntry -->
</testsuite> <!-- EdgeTest -->
