<?xml version="1.0" encoding="UTF-8"?>
<!-- Generated by org.testng.reporters.JUnitXMLReporter -->
<testsuite hostname="840G3" ignored="0" name="Command line test 2b720e2b-c959-4c43-b52b-068aefb3c40a" tests="16" failures="0" timestamp="2021-03-16T17:08:52 PKT" time="0.022" errors="0">
  <testcase name="@BeforeClass Setup" time="-1.615896532677E9" classname="TailoredSuite.AB_suit">
    <failure type="org.testng.TestNGException" message="
Parameter &amp;apos;browser&amp;apos; is required by BeforeClass on method Setup but has not been marked @Optional or defined
">
      <![CDATA[org.testng.TestNGException: 
Parameter 'browser' is required by BeforeClass on method Setup but has not been marked @Optional or defined

at java.util.ArrayList.forEach(Unknown Source)
at Logics.TestNGRunner.testRunner(TestNGRunner.java:83)
at View.Index.lambda$4(Index.java:159)
at com.sun.javafx.event.CompositeEventHandler.dispatchBubblingEvent(CompositeEventHandler.java:86)
at com.sun.javafx.event.EventHandlerManager.dispatchBubblingEvent(EventHandlerManager.java:238)
at com.sun.javafx.event.EventHandlerManager.dispatchBubblingEvent(EventHandlerManager.java:191)
at com.sun.javafx.event.CompositeEventDispatcher.dispatchBubblingEvent(CompositeEventDispatcher.java:59)
at com.sun.javafx.event.BasicEventDispatcher.dispatchEvent(BasicEventDispatcher.java:58)
at com.sun.javafx.event.EventDispatchChainImpl.dispatchEvent(EventDispatchChainImpl.java:114)
at com.sun.javafx.event.BasicEventDispatcher.dispatchEvent(BasicEventDispatcher.java:56)
at com.sun.javafx.event.EventDispatchChainImpl.dispatchEvent(EventDispatchChainImpl.java:114)
at com.sun.javafx.event.BasicEventDispatcher.dispatchEvent(BasicEventDispatcher.java:56)
at com.sun.javafx.event.EventDispatchChainImpl.dispatchEvent(EventDispatchChainImpl.java:114)
at com.sun.javafx.event.EventUtil.fireEventImpl(EventUtil.java:74)
at com.sun.javafx.event.EventUtil.fireEvent(EventUtil.java:49)
at javafx.event.Event.fireEvent(Event.java:198)
at javafx.scene.Node.fireEvent(Node.java:8411)
at javafx.scene.control.Button.fire(Button.java:185)
at com.sun.javafx.scene.control.behavior.ButtonBehavior.mouseReleased(ButtonBehavior.java:182)
at com.sun.javafx.scene.control.skin.BehaviorSkinBase$1.handle(BehaviorSkinBase.java:96)
at com.sun.javafx.scene.control.skin.BehaviorSkinBase$1.handle(BehaviorSkinBase.java:89)
at com.sun.javafx.event.CompositeEventHandler$NormalEventHandlerRecord.handleBubblingEvent(CompositeEventHandler.java:218)
at com.sun.javafx.event.CompositeEventHandler.dispatchBubblingEvent(CompositeEventHandler.java:80)
at com.sun.javafx.event.EventHandlerManager.dispatchBubblingEvent(EventHandlerManager.java:238)
at com.sun.javafx.event.EventHandlerManager.dispatchBubblingEvent(EventHandlerManager.java:191)
at com.sun.javafx.event.CompositeEventDispatcher.dispatchBubblingEvent(CompositeEventDispatcher.java:59)
at com.sun.javafx.event.BasicEventDispatcher.dispatchEvent(BasicEventDispatcher.java:58)
at com.sun.javafx.event.EventDispatchChainImpl.dispatchEvent(EventDispatchChainImpl.java:114)
at com.sun.javafx.event.BasicEventDispatcher.dispatchEvent(BasicEventDispatcher.java:56)
at com.sun.javafx.event.EventDispatchChainImpl.dispatchEvent(EventDispatchChainImpl.java:114)
at com.sun.javafx.event.BasicEventDispatcher.dispatchEvent(BasicEventDispatcher.java:56)
at com.sun.javafx.event.EventDispatchChainImpl.dispatchEvent(EventDispatchChainImpl.java:114)
at com.sun.javafx.event.EventUtil.fireEventImpl(EventUtil.java:74)
at com.sun.javafx.event.EventUtil.fireEvent(EventUtil.java:54)
at javafx.event.Event.fireEvent(Event.java:198)
at javafx.scene.Scene$MouseHandler.process(Scene.java:3757)
at javafx.scene.Scene$MouseHandler.access$1500(Scene.java:3485)
at javafx.scene.Scene.impl_processMouseEvent(Scene.java:1762)
at javafx.scene.Scene$ScenePeerListener.mouseEvent(Scene.java:2494)
at com.sun.javafx.tk.quantum.GlassViewEventHandler$MouseEventNotification.run(GlassViewEventHandler.java:394)
at com.sun.javafx.tk.quantum.GlassViewEventHandler$MouseEventNotification.run(GlassViewEventHandler.java:295)
at java.security.AccessController.doPrivileged(Native Method)
at com.sun.javafx.tk.quantum.GlassViewEventHandler.lambda$handleMouseEvent$2(GlassViewEventHandler.java:432)
at com.sun.javafx.tk.quantum.QuantumToolkit.runWithoutRenderLock(QuantumToolkit.java:410)
at com.sun.javafx.tk.quantum.GlassViewEventHandler.handleMouseEvent(GlassViewEventHandler.java:431)
at com.sun.glass.ui.View.handleMouseEvent(View.java:555)
at com.sun.glass.ui.View.notifyMouse(View.java:937)
at com.sun.glass.ui.win.WinApplication._runLoop(Native Method)
at com.sun.glass.ui.win.WinApplication.lambda$null$4(WinApplication.java:186)
at java.lang.Thread.run(Unknown Source)
... Removed 19 stack frames]]>
    </failure>
  </testcase> <!-- @BeforeClass Setup -->
  <testcase name="testaddNewContact" time="0.0" classname="TailoredSuite.AB_suit">
    <skipped/>
  </testcase> <!-- testaddNewContact -->
  <testcase name="testAddNewGroup" time="0.0" classname="TailoredSuite.AB_suit">
    <skipped/>
  </testcase> <!-- testAddNewGroup -->
  <testcase name="testGroups" time="0.0" classname="TailoredSuite.AB_suit">
    <skipped/>
  </testcase> <!-- testGroups -->
  <testcase name="testAssignGroup" time="0.0" classname="TailoredSuite.AB_suit">
    <skipped/>
  </testcase> <!-- testAssignGroup -->
  <testcase name="testeditGroup" time="0.0" classname="TailoredSuite.AB_suit">
    <skipped/>
  </testcase> <!-- testeditGroup -->
  <testcase name="testaddNewPage" time="0.0" classname="TailoredSuite.AB_suit">
    <skipped/>
  </testcase> <!-- testaddNewPage -->
  <testcase name="testdeleteItem" time="0.0" classname="TailoredSuite.AB_suit">
    <skipped/>
  </testcase> <!-- testdeleteItem -->
  <testcase name="testprintAll" time="0.0" classname="TailoredSuite.AB_suit">
    <skipped/>
  </testcase> <!-- testprintAll -->
  <testcase name="testprintPhones" time="0.0" classname="TailoredSuite.AB_suit">
    <skipped/>
  </testcase> <!-- testprintPhones -->
  <testcase name="testExportAllRecordCSVFile" time="0.0" classname="TailoredSuite.AB_suit">
    <skipped/>
  </testcase> <!-- testExportAllRecordCSVFile -->
  <testcase name="testnextBirthdays" time="0.0" classname="TailoredSuite.AB_suit">
    <skipped/>
  </testcase> <!-- testnextBirthdays -->
  <testcase name="CheckPhonesTest" time="0.0" classname="TailoredSuite.AB_suit">
    <skipped/>
  </testcase> <!-- CheckPhonesTest -->
  <testcase name="SearchEntryTest" time="0.0" classname="TailoredSuite.AB_suit">
    <skipped/>
  </testcase> <!-- SearchEntryTest -->
  <testcase name="testAddMultipleContactEnteries" time="0.0" classname="TailoredSuite.AB_suit">
    <skipped/>
  </testcase> <!-- testAddMultipleContactEnteries -->
  <testcase name="testAddMultipleMultipleGroups" time="0.0" classname="TailoredSuite.AB_suit">
    <skipped/>
  </testcase> <!-- testAddMultipleMultipleGroups -->
  <testcase name="testVerifyWrongEntry" time="0.0" classname="TailoredSuite.AB_suit">
    <skipped/>
  </testcase> <!-- testVerifyWrongEntry -->
</testsuite> <!-- Command line test 2b720e2b-c959-4c43-b52b-068aefb3c40a -->
