<?xml version="1.0" encoding="UTF-8"?>
<!-- Generated by org.testng.reporters.JUnitXMLReporter -->
<testsuite hostname="840G3" ignored="0" name="Command line test 23a86278-f1de-44fa-b108-d9079ff0e97a" tests="50" failures="0" timestamp="2021-06-03T13:41:28 PKT" time="6.347" errors="0">
  <testcase name="@BeforeClass Setup" time="6.2" classname="InputSuite.MantisBTSuite">
    <failure type="org.openqa.selenium.NoSuchElementException" message="no such element: Unable to locate element: {&amp;quot;method&amp;quot;:&amp;quot;css selector&amp;quot;,&amp;quot;selector&amp;quot;:&amp;quot;*[name=&amp;apos;username&amp;apos;]&amp;quot;}
  (Session info: chrome=90.0.4430.212)
For documentation on this error, please visit: http://seleniumhq.org/exceptions/no_such_element.html
Build info: version: &amp;apos;3.141.0&amp;apos;, revision: &amp;apos;2ecb7d9a&amp;apos;, time: &amp;apos;2018-10-31T20:09:30&amp;apos;
System info: host: &amp;apos;840G3&amp;apos;, ip: &amp;apos;192.168.10.4&amp;apos;, os.name: &amp;apos;Windows 8.1&amp;apos;, os.arch: &amp;apos;x86&amp;apos;, os.version: &amp;apos;6.3&amp;apos;, java.version: &amp;apos;1.8.0_241&amp;apos;
Driver info: org.openqa.selenium.chrome.ChromeDriver
Capabilities {acceptInsecureCerts: false, browserName: chrome, browserVersion: 90.0.4430.212, chrome: {chromedriverVersion: 90.0.4430.24 (4c6d850f087da..., userDataDir: C:\Users\Usman\AppData\Loca...}, goog:chromeOptions: {debuggerAddress: localhost:51594}, javascriptEnabled: true, networkConnectionEnabled: false, pageLoadStrategy: normal, platform: WINDOWS, platformName: WINDOWS, proxy: Proxy(), setWindowRect: true, strictFileInteractability: false, timeouts: {implicit: 0, pageLoad: 300000, script: 30000}, unhandledPromptBehavior: dismiss and notify, webauthn:extension:largeBlob: true, webauthn:virtualAuthenticators: true}
Session ID: 9f8c8b35a2b12efc81b937688d909c73
*** Element info: {Using=name, value=username}">
      <![CDATA[org.openqa.selenium.NoSuchElementException: no such element: Unable to locate element: {"method":"css selector","selector":"*[name='username']"}
  (Session info: chrome=90.0.4430.212)
For documentation on this error, please visit: http://seleniumhq.org/exceptions/no_such_element.html
Build info: version: '3.141.0', revision: '2ecb7d9a', time: '2018-10-31T20:09:30'
System info: host: '840G3', ip: '192.168.10.4', os.name: 'Windows 8.1', os.arch: 'x86', os.version: '6.3', java.version: '1.8.0_241'
Driver info: org.openqa.selenium.chrome.ChromeDriver
Capabilities {acceptInsecureCerts: false, browserName: chrome, browserVersion: 90.0.4430.212, chrome: {chromedriverVersion: 90.0.4430.24 (4c6d850f087da..., userDataDir: C:\Users\Usman\AppData\Loca...}, goog:chromeOptions: {debuggerAddress: localhost:51594}, javascriptEnabled: true, networkConnectionEnabled: false, pageLoadStrategy: normal, platform: WINDOWS, platformName: WINDOWS, proxy: Proxy(), setWindowRect: true, strictFileInteractability: false, timeouts: {implicit: 0, pageLoad: 300000, script: 30000}, unhandledPromptBehavior: dismiss and notify, webauthn:extension:largeBlob: true, webauthn:virtualAuthenticators: true}
Session ID: 9f8c8b35a2b12efc81b937688d909c73
*** Element info: {Using=name, value=username}
at org.openqa.selenium.remote.http.W3CHttpResponseCodec.createException(W3CHttpResponseCodec.java:187)
at org.openqa.selenium.remote.http.W3CHttpResponseCodec.decode(W3CHttpResponseCodec.java:122)
at org.openqa.selenium.remote.http.W3CHttpResponseCodec.decode(W3CHttpResponseCodec.java:49)
at org.openqa.selenium.remote.HttpCommandExecutor.execute(HttpCommandExecutor.java:158)
at org.openqa.selenium.remote.service.DriverCommandExecutor.execute(DriverCommandExecutor.java:83)
at org.openqa.selenium.remote.RemoteWebDriver.execute(RemoteWebDriver.java:552)
at org.openqa.selenium.remote.RemoteWebDriver.findElement(RemoteWebDriver.java:323)
at org.openqa.selenium.remote.RemoteWebDriver.findElementByName(RemoteWebDriver.java:404)
at org.openqa.selenium.By$ByName.findElement(By.java:284)
at org.openqa.selenium.remote.RemoteWebDriver.findElement(RemoteWebDriver.java:315)
at InputSuite.MantisBTSuite.Setup(MantisBTSuite.java:81)
at java.util.ArrayList.forEach(Unknown Source)
at Logics.TestNGRunner.testRunner(TestNGRunner.java:56)
at View.Index.lambda$3(Index.java:196)
at com.sun.javafx.event.CompositeEventHandler.dispatchBubblingEvent(CompositeEventHandler.java:86)
at com.sun.javafx.event.EventHandlerManager.dispatchBubblingEvent(EventHandlerManager.java:238)
at com.sun.javafx.event.EventHandlerManager.dispatchBubblingEvent(EventHandlerManager.java:191)
at com.sun.javafx.event.CompositeEventDispatcher.dispatchBubblingEvent(CompositeEventDispatcher.java:59)
at com.sun.javafx.event.BasicEventDispatcher.dispatchEvent(BasicEventDispatcher.java:58)
at com.sun.javafx.event.EventDispatchChainImpl.dispatchEvent(EventDispatchChainImpl.java:114)
at com.sun.javafx.event.BasicEventDispatcher.dispatchEvent(BasicEventDispatcher.java:56)
at com.sun.javafx.event.EventDispatchChainImpl.dispatchEvent(EventDispatchChainImpl.java:114)
at com.sun.javafx.event.BasicEventDispatcher.dispatchEvent(BasicEventDispatcher.java:56)
at com.sun.javafx.event.EventDispatchChainImpl.dispatchEvent(EventDispatchChainImpl.java:114)
at com.sun.javafx.event.EventUtil.fireEventImpl(EventUtil.java:74)
at com.sun.javafx.event.EventUtil.fireEvent(EventUtil.java:49)
at javafx.event.Event.fireEvent(Event.java:198)
at javafx.scene.Node.fireEvent(Node.java:8411)
at javafx.scene.control.Button.fire(Button.java:185)
at com.sun.javafx.scene.control.behavior.ButtonBehavior.mouseReleased(ButtonBehavior.java:182)
at com.sun.javafx.scene.control.skin.BehaviorSkinBase$1.handle(BehaviorSkinBase.java:96)
at com.sun.javafx.scene.control.skin.BehaviorSkinBase$1.handle(BehaviorSkinBase.java:89)
at com.sun.javafx.event.CompositeEventHandler$NormalEventHandlerRecord.handleBubblingEvent(CompositeEventHandler.java:218)
at com.sun.javafx.event.CompositeEventHandler.dispatchBubblingEvent(CompositeEventHandler.java:80)
at com.sun.javafx.event.EventHandlerManager.dispatchBubblingEvent(EventHandlerManager.java:238)
at com.sun.javafx.event.EventHandlerManager.dispatchBubblingEvent(EventHandlerManager.java:191)
at com.sun.javafx.event.CompositeEventDispatcher.dispatchBubblingEvent(CompositeEventDispatcher.java:59)
at com.sun.javafx.event.BasicEventDispatcher.dispatchEvent(BasicEventDispatcher.java:58)
at com.sun.javafx.event.EventDispatchChainImpl.dispatchEvent(EventDispatchChainImpl.java:114)
at com.sun.javafx.event.BasicEventDispatcher.dispatchEvent(BasicEventDispatcher.java:56)
at com.sun.javafx.event.EventDispatchChainImpl.dispatchEvent(EventDispatchChainImpl.java:114)
at com.sun.javafx.event.BasicEventDispatcher.dispatchEvent(BasicEventDispatcher.java:56)
at com.sun.javafx.event.EventDispatchChainImpl.dispatchEvent(EventDispatchChainImpl.java:114)
at com.sun.javafx.event.EventUtil.fireEventImpl(EventUtil.java:74)
at com.sun.javafx.event.EventUtil.fireEvent(EventUtil.java:54)
at javafx.event.Event.fireEvent(Event.java:198)
at javafx.scene.Scene$MouseHandler.process(Scene.java:3757)
at javafx.scene.Scene$MouseHandler.access$1500(Scene.java:3485)
at javafx.scene.Scene.impl_processMouseEvent(Scene.java:1762)
at javafx.scene.Scene$ScenePeerListener.mouseEvent(Scene.java:2494)
at com.sun.javafx.tk.quantum.GlassViewEventHandler$MouseEventNotification.run(GlassViewEventHandler.java:394)
at com.sun.javafx.tk.quantum.GlassViewEventHandler$MouseEventNotification.run(GlassViewEventHandler.java:295)
at java.security.AccessController.doPrivileged(Native Method)
at com.sun.javafx.tk.quantum.GlassViewEventHandler.lambda$handleMouseEvent$2(GlassViewEventHandler.java:432)
at com.sun.javafx.tk.quantum.QuantumToolkit.runWithoutRenderLock(QuantumToolkit.java:410)
at com.sun.javafx.tk.quantum.GlassViewEventHandler.handleMouseEvent(GlassViewEventHandler.java:431)
at com.sun.glass.ui.View.handleMouseEvent(View.java:555)
at com.sun.glass.ui.View.notifyMouse(View.java:937)
at com.sun.glass.ui.win.WinApplication._runLoop(Native Method)
at com.sun.glass.ui.win.WinApplication.lambda$null$4(WinApplication.java:186)
at java.lang.Thread.run(Unknown Source)
... Removed 26 stack frames]]>
    </failure>
  </testcase> <!-- @BeforeClass Setup -->
  <testcase name="addProjectTest" time="0.0" classname="InputSuite.MantisBTSuite">
    <skipped/>
  </testcase> <!-- addProjectTest -->
  <testcase name="addProjectTest001" time="0.0" classname="InputSuite.MantisBTSuite">
    <skipped/>
  </testcase> <!-- addProjectTest001 -->
  <testcase name="addProjectEmptyTest" time="0.0" classname="InputSuite.MantisBTSuite">
    <skipped/>
  </testcase> <!-- addProjectEmptyTest -->
  <testcase name="addProjectWrongTest" time="0.0" classname="InputSuite.MantisBTSuite">
    <skipped/>
  </testcase> <!-- addProjectWrongTest -->
  <testcase name="addCategoryEmptyTest" time="0.0" classname="InputSuite.MantisBTSuite">
    <skipped/>
  </testcase> <!-- addCategoryEmptyTest -->
  <testcase name="addCategoryTest" time="0.0" classname="InputSuite.MantisBTSuite">
    <skipped/>
  </testcase> <!-- addCategoryTest -->
  <testcase name="updateCategoryTest" time="0.0" classname="InputSuite.MantisBTSuite">
    <skipped/>
  </testcase> <!-- updateCategoryTest -->
  <testcase name="addCategoryWrongTest" time="0.0" classname="InputSuite.MantisBTSuite">
    <skipped/>
  </testcase> <!-- addCategoryWrongTest -->
  <testcase name="assignCategoryToUser" time="0.0" classname="InputSuite.MantisBTSuite">
    <skipped/>
  </testcase> <!-- assignCategoryToUser -->
  <testcase name="deletCategoryTest" time="0.0" classname="InputSuite.MantisBTSuite">
    <skipped/>
  </testcase> <!-- deletCategoryTest -->
  <testcase name="addNewsTest" time="0.0" classname="InputSuite.MantisBTSuite">
    <skipped/>
  </testcase> <!-- addNewsTest -->
  <testcase name="editNewsTest" time="0.0" classname="InputSuite.MantisBTSuite">
    <skipped/>
  </testcase> <!-- editNewsTest -->
  <testcase name="addNewsTestMultiple" time="0.0" classname="InputSuite.MantisBTSuite">
    <skipped/>
  </testcase> <!-- addNewsTestMultiple -->
  <testcase name="addNegativeNEwsTest" time="0.0" classname="InputSuite.MantisBTSuite">
    <skipped/>
  </testcase> <!-- addNegativeNEwsTest -->
  <testcase name="editNegativeNewsTest" time="0.0" classname="InputSuite.MantisBTSuite">
    <skipped/>
  </testcase> <!-- editNegativeNewsTest -->
  <testcase name="DeleteNews" time="0.0" classname="InputSuite.MantisBTSuite">
    <skipped/>
  </testcase> <!-- DeleteNews -->
  <testcase name="DeleteNewsMultipletest" time="0.0" classname="InputSuite.MantisBTSuite">
    <skipped/>
  </testcase> <!-- DeleteNewsMultipletest -->
  <testcase name="addUserTest" time="0.0" classname="InputSuite.MantisBTSuite">
    <skipped/>
  </testcase> <!-- addUserTest -->
  <testcase name="addUserEmptyTest" time="0.0" classname="InputSuite.MantisBTSuite">
    <skipped/>
  </testcase> <!-- addUserEmptyTest -->
  <testcase name="addMultipleUsersTest" time="0.0" classname="InputSuite.MantisBTSuite">
    <skipped/>
  </testcase> <!-- addMultipleUsersTest -->
  <testcase name="addUserWrongTest" time="0.0" classname="InputSuite.MantisBTSuite">
    <skipped/>
  </testcase> <!-- addUserWrongTest -->
  <testcase name="updateUserEmptyTest" time="0.0" classname="InputSuite.MantisBTSuite">
    <skipped/>
  </testcase> <!-- updateUserEmptyTest -->
  <testcase name="updateUserTest" time="0.0" classname="InputSuite.MantisBTSuite">
    <skipped/>
  </testcase> <!-- updateUserTest -->
  <testcase name="deleteMultipleUserTest" time="0.0" classname="InputSuite.MantisBTSuite">
    <skipped/>
  </testcase> <!-- deleteMultipleUserTest -->
  <testcase name="deleteUserTest" time="0.0" classname="InputSuite.MantisBTSuite">
    <skipped/>
  </testcase> <!-- deleteUserTest -->
  <testcase name="resetUserPreferencesTest" time="0.0" classname="InputSuite.MantisBTSuite">
    <skipped/>
  </testcase> <!-- resetUserPreferencesTest -->
  <testcase name="addSubProjectTest" time="0.0" classname="InputSuite.MantisBTSuite">
    <skipped/>
  </testcase> <!-- addSubProjectTest -->
  <testcase name="linkSubProjectTest" time="0.0" classname="InputSuite.MantisBTSuite">
    <skipped/>
  </testcase> <!-- linkSubProjectTest -->
  <testcase name="linkMulitpleSubProjectTest" time="0.0" classname="InputSuite.MantisBTSuite">
    <skipped/>
  </testcase> <!-- linkMulitpleSubProjectTest -->
  <testcase name="updateProjectTest" time="0.0" classname="InputSuite.MantisBTSuite">
    <skipped/>
  </testcase> <!-- updateProjectTest -->
  <testcase name="updateProjectStatusTest" time="0.0" classname="InputSuite.MantisBTSuite">
    <skipped/>
  </testcase> <!-- updateProjectStatusTest -->
  <testcase name="updateProjectDescriptionTest" time="0.0" classname="InputSuite.MantisBTSuite">
    <skipped/>
  </testcase> <!-- updateProjectDescriptionTest -->
  <testcase name="unlinkSubProjectTest" time="0.0" classname="InputSuite.MantisBTSuite">
    <skipped/>
  </testcase> <!-- unlinkSubProjectTest -->
  <testcase name="unlinkMultipleSubProjectTest" time="0.0" classname="InputSuite.MantisBTSuite">
    <skipped/>
  </testcase> <!-- unlinkMultipleSubProjectTest -->
  <testcase name="updateProjectViewStatusTest" time="0.0" classname="InputSuite.MantisBTSuite">
    <skipped/>
  </testcase> <!-- updateProjectViewStatusTest -->
  <testcase name="addProfileTest" time="0.0" classname="InputSuite.MantisBTSuite">
    <skipped/>
  </testcase> <!-- addProfileTest -->
  <testcase name="addNegativeProfileTest" time="0.0" classname="InputSuite.MantisBTSuite">
    <skipped/>
  </testcase> <!-- addNegativeProfileTest -->
  <testcase name="editProfileTest" time="0.0" classname="InputSuite.MantisBTSuite">
    <skipped/>
  </testcase> <!-- editProfileTest -->
  <testcase name="editNegativeProfileTest" time="0.0" classname="InputSuite.MantisBTSuite">
    <skipped/>
  </testcase> <!-- editNegativeProfileTest -->
  <testcase name="deleteProfileTest" time="0.0" classname="InputSuite.MantisBTSuite">
    <skipped/>
  </testcase> <!-- deleteProfileTest -->
  <testcase name="deleteProjectTest" time="0.0" classname="InputSuite.MantisBTSuite">
    <skipped/>
  </testcase> <!-- deleteProjectTest -->
  <testcase name="deleteSubProjectTest" time="0.0" classname="InputSuite.MantisBTSuite">
    <skipped/>
  </testcase> <!-- deleteSubProjectTest -->
  <testcase name="deleteMultipleSubProjectTest" time="0.0" classname="InputSuite.MantisBTSuite">
    <skipped/>
  </testcase> <!-- deleteMultipleSubProjectTest -->
  <testcase name="ViewIssueTest" time="0.0" classname="InputSuite.MantisBTSuite">
    <skipped/>
  </testcase> <!-- ViewIssueTest -->
  <testcase name="ReportTest" time="0.0" classname="InputSuite.MantisBTSuite">
    <skipped/>
  </testcase> <!-- ReportTest -->
  <testcase name="ChangeLogTest" time="0.0" classname="InputSuite.MantisBTSuite">
    <skipped/>
  </testcase> <!-- ChangeLogTest -->
  <testcase name="roadMapTest" time="0.0" classname="InputSuite.MantisBTSuite">
    <skipped/>
  </testcase> <!-- roadMapTest -->
  <testcase name="SummaryTest" time="0.0" classname="InputSuite.MantisBTSuite">
    <skipped/>
  </testcase> <!-- SummaryTest -->
  <testcase name="logoutTest" time="0.0" classname="InputSuite.MantisBTSuite">
    <skipped/>
  </testcase> <!-- logoutTest -->
  <testcase name="nagativeLoginTest" time="0.0" classname="InputSuite.MantisBTSuite">
    <skipped/>
  </testcase> <!-- nagativeLoginTest -->
</testsuite> <!-- Command line test 23a86278-f1de-44fa-b108-d9079ff0e97a -->
