<?xml version="1.0" encoding="UTF-8"?>
<!-- Generated by org.testng.reporters.JUnitXMLReporter -->
<testsuite hostname="840G3" ignored="0" name="Command line test 4b62f6a5-1f0f-4d0c-af46-c94ec00cdecc" tests="16" failures="0" timestamp="2021-04-20T00:32:25 PKT" time="2.111" errors="0">
  <testcase name="@BeforeClass Setup" time="2.078" classname="InputSuite.AB_suit">
    <failure type="org.openqa.selenium.SessionNotCreatedException" message="session not created: This version of ChromeDriver only supports Chrome version 88
Current browser version is 90.0.4430.72 with binary path C:\Program Files (x86)\Google\Chrome\Application\chrome.exe
Build info: version: &amp;apos;3.141.0&amp;apos;, revision: &amp;apos;2ecb7d9a&amp;apos;, time: &amp;apos;2018-10-31T20:09:30&amp;apos;
System info: host: &amp;apos;840G3&amp;apos;, ip: &amp;apos;192.168.10.9&amp;apos;, os.name: &amp;apos;Windows 8.1&amp;apos;, os.arch: &amp;apos;x86&amp;apos;, os.version: &amp;apos;6.3&amp;apos;, java.version: &amp;apos;1.8.0_241&amp;apos;
Driver info: driver.version: ChromeDriver
remote stacktrace: Backtrace:
	GetHandleVerifier [0x0119B963+483]
	GetHandleVerifier [0x0119B941+449]
	GetHandleVerifier [0x01543308+3832712]
	GetHandleVerifier [0x0155D69A+3940122]
	GetHandleVerifier [0x01559AFB+3924859]
	GetHandleVerifier [0x01557D9C+3917340]
	GetHandleVerifier [0x0157E7FE+4075646]
	GetHandleVerifier [0x0157E56C+4074988]
	GetHandleVerifier [0x0157B2EB+4062059]
	GetHandleVerifier [0x0155ED14+3945876]
	GetHandleVerifier [0x0155FBCE+3949646]
	GetHandleVerifier [0x0155FB59+3949529]
	Ordinal0 [0x0115B5CC+46540]
	Ordinal0 [0x01159F53+40787]
	Ordinal0 [0x01159B12+39698]
	GetHandleVerifier [0x01461468+2907368]
	GetHandleVerifier [0x012A71EE+1096302]
	GetHandleVerifier [0x01263E8D+821005]
	GetHandleVerifier [0x0126396B+819691]
	GetHandleVerifier [0x01263881+819457]
	GetHandleVerifier [0x0128F463+998627]
	BaseThreadInitThunk [0x76E1919F+14]
	RtlInitializeExceptionChain [0x77A9A8CB+132]
	RtlInitializeExceptionChain [0x77A9A8A1+90]
">
      <![CDATA[org.openqa.selenium.SessionNotCreatedException: session not created: This version of ChromeDriver only supports Chrome version 88
Current browser version is 90.0.4430.72 with binary path C:\Program Files (x86)\Google\Chrome\Application\chrome.exe
Build info: version: '3.141.0', revision: '2ecb7d9a', time: '2018-10-31T20:09:30'
System info: host: '840G3', ip: '192.168.10.9', os.name: 'Windows 8.1', os.arch: 'x86', os.version: '6.3', java.version: '1.8.0_241'
Driver info: driver.version: ChromeDriver
remote stacktrace: Backtrace:
GetHandleVerifier [0x0119B963+483]
GetHandleVerifier [0x0119B941+449]
GetHandleVerifier [0x01543308+3832712]
GetHandleVerifier [0x0155D69A+3940122]
GetHandleVerifier [0x01559AFB+3924859]
GetHandleVerifier [0x01557D9C+3917340]
GetHandleVerifier [0x0157E7FE+4075646]
GetHandleVerifier [0x0157E56C+4074988]
GetHandleVerifier [0x0157B2EB+4062059]
GetHandleVerifier [0x0155ED14+3945876]
GetHandleVerifier [0x0155FBCE+3949646]
GetHandleVerifier [0x0155FB59+3949529]
Ordinal0 [0x0115B5CC+46540]
Ordinal0 [0x01159F53+40787]
Ordinal0 [0x01159B12+39698]
GetHandleVerifier [0x01461468+2907368]
GetHandleVerifier [0x012A71EE+1096302]
GetHandleVerifier [0x01263E8D+821005]
GetHandleVerifier [0x0126396B+819691]
GetHandleVerifier [0x01263881+819457]
GetHandleVerifier [0x0128F463+998627]
BaseThreadInitThunk [0x76E1919F+14]
RtlInitializeExceptionChain [0x77A9A8CB+132]
RtlInitializeExceptionChain [0x77A9A8A1+90]

at org.openqa.selenium.remote.W3CHandshakeResponse.lambda$errorHandler$0(W3CHandshakeResponse.java:62)
at org.openqa.selenium.remote.HandshakeResponse.lambda$getResponseFunction$0(HandshakeResponse.java:30)
at org.openqa.selenium.remote.ProtocolHandshake.lambda$createSession$0(ProtocolHandshake.java:123)
at java.util.stream.ReferencePipeline$3$1.accept(Unknown Source)
at java.util.Spliterators$ArraySpliterator.tryAdvance(Unknown Source)
at java.util.stream.ReferencePipeline.forEachWithCancel(Unknown Source)
at java.util.stream.AbstractPipeline.copyIntoWithCancel(Unknown Source)
at java.util.stream.AbstractPipeline.copyInto(Unknown Source)
at java.util.stream.AbstractPipeline.wrapAndCopyInto(Unknown Source)
at java.util.stream.FindOps$FindOp.evaluateSequential(Unknown Source)
at java.util.stream.AbstractPipeline.evaluate(Unknown Source)
at java.util.stream.ReferencePipeline.findFirst(Unknown Source)
at org.openqa.selenium.remote.ProtocolHandshake.createSession(ProtocolHandshake.java:125)
at org.openqa.selenium.remote.ProtocolHandshake.createSession(ProtocolHandshake.java:74)
at org.openqa.selenium.remote.HttpCommandExecutor.execute(HttpCommandExecutor.java:136)
at org.openqa.selenium.remote.service.DriverCommandExecutor.execute(DriverCommandExecutor.java:83)
at org.openqa.selenium.remote.RemoteWebDriver.execute(RemoteWebDriver.java:552)
at org.openqa.selenium.remote.RemoteWebDriver.startSession(RemoteWebDriver.java:213)
at org.openqa.selenium.remote.RemoteWebDriver.<init>(RemoteWebDriver.java:131)
at org.openqa.selenium.chrome.ChromeDriver.<init>(ChromeDriver.java:181)
at org.openqa.selenium.chrome.ChromeDriver.<init>(ChromeDriver.java:168)
at org.openqa.selenium.chrome.ChromeDriver.<init>(ChromeDriver.java:123)
at InputSuite.AB_suit.Setup(AB_suit.java:59)
at java.util.ArrayList.forEach(Unknown Source)
at Logics.TestNGRunner.testRunner(TestNGRunner.java:56)
at View.Index.lambda$3(Index.java:190)
at com.sun.javafx.event.CompositeEventHandler.dispatchBubblingEvent(CompositeEventHandler.java:86)
at com.sun.javafx.event.EventHandlerManager.dispatchBubblingEvent(EventHandlerManager.java:238)
at com.sun.javafx.event.EventHandlerManager.dispatchBubblingEvent(EventHandlerManager.java:191)
at com.sun.javafx.event.CompositeEventDispatcher.dispatchBubblingEvent(CompositeEventDispatcher.java:59)
at com.sun.javafx.event.BasicEventDispatcher.dispatchEvent(BasicEventDispatcher.java:58)
at com.sun.javafx.event.EventDispatchChainImpl.dispatchEvent(EventDispatchChainImpl.java:114)
at com.sun.javafx.event.BasicEventDispatcher.dispatchEvent(BasicEventDispatcher.java:56)
at com.sun.javafx.event.EventDispatchChainImpl.dispatchEvent(EventDispatchChainImpl.java:114)
at com.sun.javafx.event.BasicEventDispatcher.dispatchEvent(BasicEventDispatcher.java:56)
at com.sun.javafx.event.EventDispatchChainImpl.dispatchEvent(EventDispatchChainImpl.java:114)
at com.sun.javafx.event.EventUtil.fireEventImpl(EventUtil.java:74)
at com.sun.javafx.event.EventUtil.fireEvent(EventUtil.java:49)
at javafx.event.Event.fireEvent(Event.java:198)
at javafx.scene.Node.fireEvent(Node.java:8411)
at javafx.scene.control.Button.fire(Button.java:185)
at com.sun.javafx.scene.control.behavior.ButtonBehavior.mouseReleased(ButtonBehavior.java:182)
at com.sun.javafx.scene.control.skin.BehaviorSkinBase$1.handle(BehaviorSkinBase.java:96)
at com.sun.javafx.scene.control.skin.BehaviorSkinBase$1.handle(BehaviorSkinBase.java:89)
at com.sun.javafx.event.CompositeEventHandler$NormalEventHandlerRecord.handleBubblingEvent(CompositeEventHandler.java:218)
at com.sun.javafx.event.CompositeEventHandler.dispatchBubblingEvent(CompositeEventHandler.java:80)
at com.sun.javafx.event.EventHandlerManager.dispatchBubblingEvent(EventHandlerManager.java:238)
at com.sun.javafx.event.EventHandlerManager.dispatchBubblingEvent(EventHandlerManager.java:191)
at com.sun.javafx.event.CompositeEventDispatcher.dispatchBubblingEvent(CompositeEventDispatcher.java:59)
at com.sun.javafx.event.BasicEventDispatcher.dispatchEvent(BasicEventDispatcher.java:58)
at com.sun.javafx.event.EventDispatchChainImpl.dispatchEvent(EventDispatchChainImpl.java:114)
at com.sun.javafx.event.BasicEventDispatcher.dispatchEvent(BasicEventDispatcher.java:56)
at com.sun.javafx.event.EventDispatchChainImpl.dispatchEvent(EventDispatchChainImpl.java:114)
at com.sun.javafx.event.BasicEventDispatcher.dispatchEvent(BasicEventDispatcher.java:56)
at com.sun.javafx.event.EventDispatchChainImpl.dispatchEvent(EventDispatchChainImpl.java:114)
at com.sun.javafx.event.EventUtil.fireEventImpl(EventUtil.java:74)
at com.sun.javafx.event.EventUtil.fireEvent(EventUtil.java:54)
at javafx.event.Event.fireEvent(Event.java:198)
at javafx.scene.Scene$MouseHandler.process(Scene.java:3757)
at javafx.scene.Scene$MouseHandler.access$1500(Scene.java:3485)
at javafx.scene.Scene.impl_processMouseEvent(Scene.java:1762)
at javafx.scene.Scene$ScenePeerListener.mouseEvent(Scene.java:2494)
at com.sun.javafx.tk.quantum.GlassViewEventHandler$MouseEventNotification.run(GlassViewEventHandler.java:394)
at com.sun.javafx.tk.quantum.GlassViewEventHandler$MouseEventNotification.run(GlassViewEventHandler.java:295)
at java.security.AccessController.doPrivileged(Native Method)
at com.sun.javafx.tk.quantum.GlassViewEventHandler.lambda$handleMouseEvent$2(GlassViewEventHandler.java:432)
at com.sun.javafx.tk.quantum.QuantumToolkit.runWithoutRenderLock(QuantumToolkit.java:410)
at com.sun.javafx.tk.quantum.GlassViewEventHandler.handleMouseEvent(GlassViewEventHandler.java:431)
at com.sun.glass.ui.View.handleMouseEvent(View.java:555)
at com.sun.glass.ui.View.notifyMouse(View.java:937)
at com.sun.glass.ui.win.WinApplication._runLoop(Native Method)
at com.sun.glass.ui.win.WinApplication.lambda$null$4(WinApplication.java:186)
at java.lang.Thread.run(Unknown Source)
... Removed 26 stack frames]]>
    </failure>
  </testcase> <!-- @BeforeClass Setup -->
  <testcase name="testaddNewContact" time="0.0" classname="InputSuite.AB_suit">
    <skipped/>
  </testcase> <!-- testaddNewContact -->
  <testcase name="testAddNewGroup" time="0.0" classname="InputSuite.AB_suit">
    <skipped/>
  </testcase> <!-- testAddNewGroup -->
  <testcase name="testGroups" time="0.0" classname="InputSuite.AB_suit">
    <skipped/>
  </testcase> <!-- testGroups -->
  <testcase name="testAssignGroup" time="0.0" classname="InputSuite.AB_suit">
    <skipped/>
  </testcase> <!-- testAssignGroup -->
  <testcase name="testeditGroup" time="0.0" classname="InputSuite.AB_suit">
    <skipped/>
  </testcase> <!-- testeditGroup -->
  <testcase name="testaddNewPage" time="0.0" classname="InputSuite.AB_suit">
    <skipped/>
  </testcase> <!-- testaddNewPage -->
  <testcase name="testdeleteItem" time="0.0" classname="InputSuite.AB_suit">
    <skipped/>
  </testcase> <!-- testdeleteItem -->
  <testcase name="testprintAll" time="0.0" classname="InputSuite.AB_suit">
    <skipped/>
  </testcase> <!-- testprintAll -->
  <testcase name="testprintPhones" time="0.0" classname="InputSuite.AB_suit">
    <skipped/>
  </testcase> <!-- testprintPhones -->
  <testcase name="testExportAllRecordCSVFile" time="0.0" classname="InputSuite.AB_suit">
    <skipped/>
  </testcase> <!-- testExportAllRecordCSVFile -->
  <testcase name="testnextBirthdays" time="0.0" classname="InputSuite.AB_suit">
    <skipped/>
  </testcase> <!-- testnextBirthdays -->
  <testcase name="CheckPhonesTest" time="0.0" classname="InputSuite.AB_suit">
    <skipped/>
  </testcase> <!-- CheckPhonesTest -->
  <testcase name="SearchEntryTest" time="0.0" classname="InputSuite.AB_suit">
    <skipped/>
  </testcase> <!-- SearchEntryTest -->
  <testcase name="testAddMultipleContactEnteries" time="0.0" classname="InputSuite.AB_suit">
    <skipped/>
  </testcase> <!-- testAddMultipleContactEnteries -->
  <testcase name="testAddMultipleMultipleGroups" time="0.0" classname="InputSuite.AB_suit">
    <skipped/>
  </testcase> <!-- testAddMultipleMultipleGroups -->
  <testcase name="testVerifyWrongEntry" time="0.0" classname="InputSuite.AB_suit">
    <skipped/>
  </testcase> <!-- testVerifyWrongEntry -->
</testsuite> <!-- Command line test 4b62f6a5-1f0f-4d0c-af46-c94ec00cdecc -->
