<?xml version="1.0" encoding="UTF-8"?>
<!-- Generated by org.testng.reporters.JUnitXMLReporter -->
<testsuite hostname="840G3" ignored="0" name="Command line test a1bde617-27e3-42c4-b099-2ae0e80fa1ac" tests="42" failures="0" timestamp="2021-03-26T10:49:01 PKT" time="6.247" errors="0">
  <testcase name="@BeforeClass Setup" time="6.19" classname="InputSuite.FINALTEST">
    <failure type="org.openqa.selenium.WebDriverException" message="unknown error: net::ERR_CONNECTION_REFUSED
  (Session info: chrome=89.0.4389.90)
Build info: version: &amp;apos;3.141.0&amp;apos;, revision: &amp;apos;2ecb7d9a&amp;apos;, time: &amp;apos;2018-10-31T20:09:30&amp;apos;
System info: host: &amp;apos;840G3&amp;apos;, ip: &amp;apos;192.168.1.111&amp;apos;, os.name: &amp;apos;Windows 8.1&amp;apos;, os.arch: &amp;apos;x86&amp;apos;, os.version: &amp;apos;6.3&amp;apos;, java.version: &amp;apos;1.8.0_241&amp;apos;
Driver info: org.openqa.selenium.chrome.ChromeDriver
Capabilities {acceptInsecureCerts: false, browserName: chrome, browserVersion: 89.0.4389.90, chrome: {chromedriverVersion: 88.0.4324.96 (68dba2d8a0b14..., userDataDir: C:\Users\Usman\AppData\Loca...}, goog:chromeOptions: {debuggerAddress: localhost:55284}, javascriptEnabled: true, networkConnectionEnabled: false, pageLoadStrategy: normal, platform: WINDOWS, platformName: WINDOWS, proxy: Proxy(), setWindowRect: true, strictFileInteractability: false, timeouts: {implicit: 0, pageLoad: 300000, script: 30000}, unhandledPromptBehavior: dismiss and notify, webauthn:extension:largeBlob: true, webauthn:virtualAuthenticators: true}
Session ID: f5e895a234dd495e9f4b9efb9e47d88a">
      <![CDATA[org.openqa.selenium.WebDriverException: unknown error: net::ERR_CONNECTION_REFUSED
  (Session info: chrome=89.0.4389.90)
Build info: version: '3.141.0', revision: '2ecb7d9a', time: '2018-10-31T20:09:30'
System info: host: '840G3', ip: '192.168.1.111', os.name: 'Windows 8.1', os.arch: 'x86', os.version: '6.3', java.version: '1.8.0_241'
Driver info: org.openqa.selenium.chrome.ChromeDriver
Capabilities {acceptInsecureCerts: false, browserName: chrome, browserVersion: 89.0.4389.90, chrome: {chromedriverVersion: 88.0.4324.96 (68dba2d8a0b14..., userDataDir: C:\Users\Usman\AppData\Loca...}, goog:chromeOptions: {debuggerAddress: localhost:55284}, javascriptEnabled: true, networkConnectionEnabled: false, pageLoadStrategy: normal, platform: WINDOWS, platformName: WINDOWS, proxy: Proxy(), setWindowRect: true, strictFileInteractability: false, timeouts: {implicit: 0, pageLoad: 300000, script: 30000}, unhandledPromptBehavior: dismiss and notify, webauthn:extension:largeBlob: true, webauthn:virtualAuthenticators: true}
Session ID: f5e895a234dd495e9f4b9efb9e47d88a
at org.openqa.selenium.remote.http.W3CHttpResponseCodec.createException(W3CHttpResponseCodec.java:187)
at org.openqa.selenium.remote.http.W3CHttpResponseCodec.decode(W3CHttpResponseCodec.java:122)
at org.openqa.selenium.remote.http.W3CHttpResponseCodec.decode(W3CHttpResponseCodec.java:49)
at org.openqa.selenium.remote.HttpCommandExecutor.execute(HttpCommandExecutor.java:158)
at org.openqa.selenium.remote.service.DriverCommandExecutor.execute(DriverCommandExecutor.java:83)
at org.openqa.selenium.remote.RemoteWebDriver.execute(RemoteWebDriver.java:552)
at org.openqa.selenium.remote.RemoteWebDriver.get(RemoteWebDriver.java:277)
at InputSuite.FINALTEST.Setup(FINALTEST.java:63)
at java.util.ArrayList.forEach(Unknown Source)
at Logics.TestNGRunner.testRunner(TestNGRunner.java:56)
at View.Index.lambda$5(Index.java:162)
at com.sun.javafx.event.CompositeEventHandler.dispatchBubblingEvent(CompositeEventHandler.java:86)
at com.sun.javafx.event.EventHandlerManager.dispatchBubblingEvent(EventHandlerManager.java:238)
at com.sun.javafx.event.EventHandlerManager.dispatchBubblingEvent(EventHandlerManager.java:191)
at com.sun.javafx.event.CompositeEventDispatcher.dispatchBubblingEvent(CompositeEventDispatcher.java:59)
at com.sun.javafx.event.BasicEventDispatcher.dispatchEvent(BasicEventDispatcher.java:58)
at com.sun.javafx.event.EventDispatchChainImpl.dispatchEvent(EventDispatchChainImpl.java:114)
at com.sun.javafx.event.BasicEventDispatcher.dispatchEvent(BasicEventDispatcher.java:56)
at com.sun.javafx.event.EventDispatchChainImpl.dispatchEvent(EventDispatchChainImpl.java:114)
at com.sun.javafx.event.BasicEventDispatcher.dispatchEvent(BasicEventDispatcher.java:56)
at com.sun.javafx.event.EventDispatchChainImpl.dispatchEvent(EventDispatchChainImpl.java:114)
at com.sun.javafx.event.EventUtil.fireEventImpl(EventUtil.java:74)
at com.sun.javafx.event.EventUtil.fireEvent(EventUtil.java:49)
at javafx.event.Event.fireEvent(Event.java:198)
at javafx.scene.Node.fireEvent(Node.java:8411)
at javafx.scene.control.Button.fire(Button.java:185)
at com.sun.javafx.scene.control.behavior.ButtonBehavior.mouseReleased(ButtonBehavior.java:182)
at com.sun.javafx.scene.control.skin.BehaviorSkinBase$1.handle(BehaviorSkinBase.java:96)
at com.sun.javafx.scene.control.skin.BehaviorSkinBase$1.handle(BehaviorSkinBase.java:89)
at com.sun.javafx.event.CompositeEventHandler$NormalEventHandlerRecord.handleBubblingEvent(CompositeEventHandler.java:218)
at com.sun.javafx.event.CompositeEventHandler.dispatchBubblingEvent(CompositeEventHandler.java:80)
at com.sun.javafx.event.EventHandlerManager.dispatchBubblingEvent(EventHandlerManager.java:238)
at com.sun.javafx.event.EventHandlerManager.dispatchBubblingEvent(EventHandlerManager.java:191)
at com.sun.javafx.event.CompositeEventDispatcher.dispatchBubblingEvent(CompositeEventDispatcher.java:59)
at com.sun.javafx.event.BasicEventDispatcher.dispatchEvent(BasicEventDispatcher.java:58)
at com.sun.javafx.event.EventDispatchChainImpl.dispatchEvent(EventDispatchChainImpl.java:114)
at com.sun.javafx.event.BasicEventDispatcher.dispatchEvent(BasicEventDispatcher.java:56)
at com.sun.javafx.event.EventDispatchChainImpl.dispatchEvent(EventDispatchChainImpl.java:114)
at com.sun.javafx.event.BasicEventDispatcher.dispatchEvent(BasicEventDispatcher.java:56)
at com.sun.javafx.event.EventDispatchChainImpl.dispatchEvent(EventDispatchChainImpl.java:114)
at com.sun.javafx.event.EventUtil.fireEventImpl(EventUtil.java:74)
at com.sun.javafx.event.EventUtil.fireEvent(EventUtil.java:54)
at javafx.event.Event.fireEvent(Event.java:198)
at javafx.scene.Scene$MouseHandler.process(Scene.java:3757)
at javafx.scene.Scene$MouseHandler.access$1500(Scene.java:3485)
at javafx.scene.Scene.impl_processMouseEvent(Scene.java:1762)
at javafx.scene.Scene$ScenePeerListener.mouseEvent(Scene.java:2494)
at com.sun.javafx.tk.quantum.GlassViewEventHandler$MouseEventNotification.run(GlassViewEventHandler.java:394)
at com.sun.javafx.tk.quantum.GlassViewEventHandler$MouseEventNotification.run(GlassViewEventHandler.java:295)
at java.security.AccessController.doPrivileged(Native Method)
at com.sun.javafx.tk.quantum.GlassViewEventHandler.lambda$handleMouseEvent$2(GlassViewEventHandler.java:432)
at com.sun.javafx.tk.quantum.QuantumToolkit.runWithoutRenderLock(QuantumToolkit.java:410)
at com.sun.javafx.tk.quantum.GlassViewEventHandler.handleMouseEvent(GlassViewEventHandler.java:431)
at com.sun.glass.ui.View.handleMouseEvent(View.java:555)
at com.sun.glass.ui.View.notifyMouse(View.java:937)
at com.sun.glass.ui.win.WinApplication._runLoop(Native Method)
at com.sun.glass.ui.win.WinApplication.lambda$null$4(WinApplication.java:186)
at java.lang.Thread.run(Unknown Source)
... Removed 26 stack frames]]>
    </failure>
  </testcase> <!-- @BeforeClass Setup -->
  <testcase name="LoginUserTest" time="0.0" classname="InputSuite.FINALTEST">
    <skipped/>
  </testcase> <!-- LoginUserTest -->
  <testcase name="AddProjectTest" time="0.0" classname="InputSuite.FINALTEST">
    <skipped/>
  </testcase> <!-- AddProjectTest -->
  <testcase name="EditProjectTest" time="0.0" classname="InputSuite.FINALTEST">
    <skipped/>
  </testcase> <!-- EditProjectTest -->
  <testcase name="Addmilestonetest" time="0.0" classname="InputSuite.FINALTEST">
    <skipped/>
  </testcase> <!-- Addmilestonetest -->
  <testcase name="EditMilestoneTest" time="0.0" classname="InputSuite.FINALTEST">
    <skipped/>
  </testcase> <!-- EditMilestoneTest -->
  <testcase name="CloseMilestoneTest" time="0.0" classname="InputSuite.FINALTEST">
    <skipped/>
  </testcase> <!-- CloseMilestoneTest -->
  <testcase name="OpenMilestoneTest" time="0.0" classname="InputSuite.FINALTEST">
    <skipped/>
  </testcase> <!-- OpenMilestoneTest -->
  <testcase name="RemoveMilestoneTest" time="0.0" classname="InputSuite.FINALTEST">
    <skipped/>
  </testcase> <!-- RemoveMilestoneTest -->
  <testcase name="Addtasklttest" time="0.0" classname="InputSuite.FINALTEST">
    <skipped/>
  </testcase> <!-- Addtasklttest -->
  <testcase name="Addtasktest" time="0.0" classname="InputSuite.FINALTEST">
    <skipped/>
  </testcase> <!-- Addtasktest -->
  <testcase name="CloseTaskTest" time="0.0" classname="InputSuite.FINALTEST">
    <skipped/>
  </testcase> <!-- CloseTaskTest -->
  <testcase name="OpenTaskTest" time="0.0" classname="InputSuite.FINALTEST">
    <skipped/>
  </testcase> <!-- OpenTaskTest -->
  <testcase name="RemoveTaskTest" time="0.0" classname="InputSuite.FINALTEST">
    <skipped/>
  </testcase> <!-- RemoveTaskTest -->
  <testcase name="CloseTaskltTest" time="0.0" classname="InputSuite.FINALTEST">
    <skipped/>
  </testcase> <!-- CloseTaskltTest -->
  <testcase name="OpenTaskltTest" time="0.0" classname="InputSuite.FINALTEST">
    <skipped/>
  </testcase> <!-- OpenTaskltTest -->
  <testcase name="RemoveTaskltTest" time="0.0" classname="InputSuite.FINALTEST">
    <skipped/>
  </testcase> <!-- RemoveTaskltTest -->
  <testcase name="AssignUserToProjectTest" time="0.0" classname="InputSuite.FINALTEST">
    <skipped/>
  </testcase> <!-- AssignUserToProjectTest -->
  <testcase name="DeassignUserToProjectTest" time="0.0" classname="InputSuite.FINALTEST">
    <skipped/>
  </testcase> <!-- DeassignUserToProjectTest -->
  <testcase name="CloseProjectTest" time="0.0" classname="InputSuite.FINALTEST">
    <skipped/>
  </testcase> <!-- CloseProjectTest -->
  <testcase name="OpenProjectTest" time="0.0" classname="InputSuite.FINALTEST">
    <skipped/>
  </testcase> <!-- OpenProjectTest -->
  <testcase name="RemoveProjectest" time="0.0" classname="InputSuite.FINALTEST">
    <skipped/>
  </testcase> <!-- RemoveProjectest -->
  <testcase name="Useralreadypresent" time="0.0" classname="InputSuite.FINALTEST">
    <skipped/>
  </testcase> <!-- Useralreadypresent -->
  <testcase name="Adduseremptyvalue" time="0.0" classname="InputSuite.FINALTEST">
    <skipped/>
  </testcase> <!-- Adduseremptyvalue -->
  <testcase name="AddusertestTest" time="0.0" classname="InputSuite.FINALTEST">
    <skipped/>
  </testcase> <!-- AddusertestTest -->
  <testcase name="addroletestt" time="0.0" classname="InputSuite.FINALTEST">
    <skipped/>
  </testcase> <!-- addroletestt -->
  <testcase name="editrole" time="0.0" classname="InputSuite.FINALTEST">
    <skipped/>
  </testcase> <!-- editrole -->
  <testcase name="RemoveRole" time="0.0" classname="InputSuite.FINALTEST">
    <skipped/>
  </testcase> <!-- RemoveRole -->
  <testcase name="EditUserRoleTest" time="0.0" classname="InputSuite.FINALTEST">
    <skipped/>
  </testcase> <!-- EditUserRoleTest -->
  <testcase name="removeuser" time="0.0" classname="InputSuite.FINALTEST">
    <skipped/>
  </testcase> <!-- removeuser -->
  <testcase name="performquery" time="0.0" classname="InputSuite.FINALTEST">
    <skipped/>
  </testcase> <!-- performquery -->
  <testcase name="AddMultipleProjectsTest" time="0.0" classname="InputSuite.FINALTEST">
    <skipped/>
  </testcase> <!-- AddMultipleProjectsTest -->
  <testcase name="Addtaskdesktop" time="0.0" classname="InputSuite.FINALTEST">
    <skipped/>
  </testcase> <!-- Addtaskdesktop -->
  <testcase name="RemoveTaskDesktopNotPresentTest" time="0.0" classname="InputSuite.FINALTEST">
    <skipped/>
  </testcase> <!-- RemoveTaskDesktopNotPresentTest -->
  <testcase name="addandremovelatemil" time="0.0" classname="InputSuite.FINALTEST">
    <skipped/>
  </testcase> <!-- addandremovelatemil -->
  <testcase name="AddAndRemoveMultipleTasksTest" time="0.0" classname="InputSuite.FINALTEST">
    <skipped/>
  </testcase> <!-- AddAndRemoveMultipleTasksTest -->
  <testcase name="CloseTasksProjectPercentageTest" time="0.0" classname="InputSuite.FINALTEST">
    <skipped/>
  </testcase> <!-- CloseTasksProjectPercentageTest -->
  <testcase name="OpenTasksProjectPercentageTest" time="0.0" classname="InputSuite.FINALTEST">
    <skipped/>
  </testcase> <!-- OpenTasksProjectPercentageTest -->
  <testcase name="SearchProjectTest" time="0.0" classname="InputSuite.FINALTEST">
    <skipped/>
  </testcase> <!-- SearchProjectTest -->
  <testcase name="SearchMultipleProjectsTest" time="0.0" classname="InputSuite.FINALTEST">
    <skipped/>
  </testcase> <!-- SearchMultipleProjectsTest -->
  <testcase name="SearchClosedProjectTest" time="0.0" classname="InputSuite.FINALTEST">
    <skipped/>
  </testcase> <!-- SearchClosedProjectTest -->
  <testcase name="RemoveMultipleProjectsTest" time="0.0" classname="InputSuite.FINALTEST">
    <skipped/>
  </testcase> <!-- RemoveMultipleProjectsTest -->
  <testcase name="performquery1" time="0.0" classname="InputSuite.FINALTEST">
    <skipped/>
  </testcase> <!-- performquery1 -->
</testsuite> <!-- Command line test a1bde617-27e3-42c4-b099-2ae0e80fa1ac -->
