<?xml version="1.0" encoding="UTF-8"?>
<!-- Generated by org.testng.reporters.JUnitReportReporter -->
<testsuite skipped="16" hostname="840G3" name="TailoredSuite.AB_suit" tests="17" failures="1" timestamp="2021-04-01T02:23:21 PKT" time="12.601" errors="0">
  <testcase name="testaddNewContact" time="0.000" classname="TailoredSuite.AB_suit">
    <skipped/>
  </testcase> <!-- testaddNewContact -->
  <system-out/>
  <testcase name="Setup" time="12.601" classname="TailoredSuite.AB_suit">
    <failure type="java.lang.AssertionError" message="expected [Address book] but found [Groups | Address Book]">
      <![CDATA[java.lang.AssertionError: expected [Address book] but found [Groups | Address Book]
at org.testng.Assert.fail(Assert.java:99)
at org.testng.Assert.failNotEquals(Assert.java:1037)
at org.testng.Assert.assertEqualsImpl(Assert.java:140)
at org.testng.Assert.assertEquals(Assert.java:122)
at org.testng.Assert.assertEquals(Assert.java:629)
at org.testng.Assert.assertEquals(Assert.java:639)
at TailoredSuite.AB_suit.Setup(AB_suit.java:69)
at sun.reflect.NativeMethodAccessorImpl.invoke0(Native Method)
at sun.reflect.NativeMethodAccessorImpl.invoke(Unknown Source)
at sun.reflect.DelegatingMethodAccessorImpl.invoke(Unknown Source)
at java.lang.reflect.Method.invoke(Unknown Source)
at org.testng.internal.MethodInvocationHelper.invokeMethod(MethodInvocationHelper.java:132)
at org.testng.internal.MethodInvocationHelper.invokeMethodConsideringTimeout(MethodInvocationHelper.java:61)
at org.testng.internal.ConfigInvoker.invokeConfigurationMethod(ConfigInvoker.java:366)
at org.testng.internal.ConfigInvoker.invokeConfigurations(ConfigInvoker.java:320)
at org.testng.internal.TestMethodWorker.invokeBeforeClassMethods(TestMethodWorker.java:176)
at org.testng.internal.TestMethodWorker.run(TestMethodWorker.java:122)
at java.util.ArrayList.forEach(Unknown Source)
at org.testng.TestRunner.privateRun(TestRunner.java:764)
at org.testng.TestRunner.run(TestRunner.java:585)
at org.testng.SuiteRunner.runTest(SuiteRunner.java:384)
at org.testng.SuiteRunner.runSequentially(SuiteRunner.java:378)
at org.testng.SuiteRunner.privateRun(SuiteRunner.java:337)
at org.testng.SuiteRunner.run(SuiteRunner.java:286)
at org.testng.SuiteRunnerWorker.runSuite(SuiteRunnerWorker.java:53)
at org.testng.SuiteRunnerWorker.run(SuiteRunnerWorker.java:96)
at org.testng.TestNG.runSuitesSequentially(TestNG.java:1218)
at org.testng.TestNG.runSuitesLocally(TestNG.java:1140)
at org.testng.TestNG.runSuites(TestNG.java:1069)
at org.testng.TestNG.run(TestNG.java:1037)
at Logics.TestNGRunnerTailoredSuite.testRunner(TestNGRunnerTailoredSuite.java:52)
at View.Index.lambda$5(Index.java:175)
at com.sun.javafx.event.CompositeEventHandler.dispatchBubblingEvent(CompositeEventHandler.java:86)
at com.sun.javafx.event.EventHandlerManager.dispatchBubblingEvent(EventHandlerManager.java:238)
at com.sun.javafx.event.EventHandlerManager.dispatchBubblingEvent(EventHandlerManager.java:191)
at com.sun.javafx.event.CompositeEventDispatcher.dispatchBubblingEvent(CompositeEventDispatcher.java:59)
at com.sun.javafx.event.BasicEventDispatcher.dispatchEvent(BasicEventDispatcher.java:58)
at com.sun.javafx.event.EventDispatchChainImpl.dispatchEvent(EventDispatchChainImpl.java:114)
at com.sun.javafx.event.BasicEventDispatcher.dispatchEvent(BasicEventDispatcher.java:56)
at com.sun.javafx.event.EventDispatchChainImpl.dispatchEvent(EventDispatchChainImpl.java:114)
at com.sun.javafx.event.BasicEventDispatcher.dispatchEvent(BasicEventDispatcher.java:56)
at com.sun.javafx.event.EventDispatchChainImpl.dispatchEvent(EventDispatchChainImpl.java:114)
at com.sun.javafx.event.EventUtil.fireEventImpl(EventUtil.java:74)
at com.sun.javafx.event.EventUtil.fireEvent(EventUtil.java:49)
at javafx.event.Event.fireEvent(Event.java:198)
at javafx.scene.Node.fireEvent(Node.java:8411)
at javafx.scene.control.Button.fire(Button.java:185)
at com.sun.javafx.scene.control.behavior.ButtonBehavior.mouseReleased(ButtonBehavior.java:182)
at com.sun.javafx.scene.control.skin.BehaviorSkinBase$1.handle(BehaviorSkinBase.java:96)
at com.sun.javafx.scene.control.skin.BehaviorSkinBase$1.handle(BehaviorSkinBase.java:89)
at com.sun.javafx.event.CompositeEventHandler$NormalEventHandlerRecord.handleBubblingEvent(CompositeEventHandler.java:218)
at com.sun.javafx.event.CompositeEventHandler.dispatchBubblingEvent(CompositeEventHandler.java:80)
at com.sun.javafx.event.EventHandlerManager.dispatchBubblingEvent(EventHandlerManager.java:238)
at com.sun.javafx.event.EventHandlerManager.dispatchBubblingEvent(EventHandlerManager.java:191)
at com.sun.javafx.event.CompositeEventDispatcher.dispatchBubblingEvent(CompositeEventDispatcher.java:59)
at com.sun.javafx.event.BasicEventDispatcher.dispatchEvent(BasicEventDispatcher.java:58)
at com.sun.javafx.event.EventDispatchChainImpl.dispatchEvent(EventDispatchChainImpl.java:114)
at com.sun.javafx.event.BasicEventDispatcher.dispatchEvent(BasicEventDispatcher.java:56)
at com.sun.javafx.event.EventDispatchChainImpl.dispatchEvent(EventDispatchChainImpl.java:114)
at com.sun.javafx.event.BasicEventDispatcher.dispatchEvent(BasicEventDispatcher.java:56)
at com.sun.javafx.event.EventDispatchChainImpl.dispatchEvent(EventDispatchChainImpl.java:114)
at com.sun.javafx.event.EventUtil.fireEventImpl(EventUtil.java:74)
at com.sun.javafx.event.EventUtil.fireEvent(EventUtil.java:54)
at javafx.event.Event.fireEvent(Event.java:198)
at javafx.scene.Scene$MouseHandler.process(Scene.java:3757)
at javafx.scene.Scene$MouseHandler.access$1500(Scene.java:3485)
at javafx.scene.Scene.impl_processMouseEvent(Scene.java:1762)
at javafx.scene.Scene$ScenePeerListener.mouseEvent(Scene.java:2494)
at com.sun.javafx.tk.quantum.GlassViewEventHandler$MouseEventNotification.run(GlassViewEventHandler.java:394)
at com.sun.javafx.tk.quantum.GlassViewEventHandler$MouseEventNotification.run(GlassViewEventHandler.java:295)
at java.security.AccessController.doPrivileged(Native Method)
at com.sun.javafx.tk.quantum.GlassViewEventHandler.lambda$handleMouseEvent$2(GlassViewEventHandler.java:432)
at com.sun.javafx.tk.quantum.QuantumToolkit.runWithoutRenderLock(QuantumToolkit.java:410)
at com.sun.javafx.tk.quantum.GlassViewEventHandler.handleMouseEvent(GlassViewEventHandler.java:431)
at com.sun.glass.ui.View.handleMouseEvent(View.java:555)
at com.sun.glass.ui.View.notifyMouse(View.java:937)
at com.sun.glass.ui.win.WinApplication._runLoop(Native Method)
at com.sun.glass.ui.win.WinApplication.lambda$null$4(WinApplication.java:186)
at java.lang.Thread.run(Unknown Source)
]]>
    </failure>
  </testcase> <!-- Setup -->
  <system-out/>
  <testcase name="testAddNewGroup" time="0.000" classname="TailoredSuite.AB_suit">
    <skipped/>
  </testcase> <!-- testAddNewGroup -->
  <system-out/>
  <testcase name="testGroups" time="0.000" classname="TailoredSuite.AB_suit">
    <skipped/>
  </testcase> <!-- testGroups -->
  <system-out/>
  <testcase name="testAssignGroup" time="0.000" classname="TailoredSuite.AB_suit">
    <skipped/>
  </testcase> <!-- testAssignGroup -->
  <system-out/>
  <testcase name="testeditGroup" time="0.000" classname="TailoredSuite.AB_suit">
    <skipped/>
  </testcase> <!-- testeditGroup -->
  <system-out/>
  <testcase name="testaddNewPage" time="0.000" classname="TailoredSuite.AB_suit">
    <skipped/>
  </testcase> <!-- testaddNewPage -->
  <system-out/>
  <testcase name="testdeleteItem" time="0.000" classname="TailoredSuite.AB_suit">
    <skipped/>
  </testcase> <!-- testdeleteItem -->
  <system-out/>
  <testcase name="testprintAll" time="0.000" classname="TailoredSuite.AB_suit">
    <skipped/>
  </testcase> <!-- testprintAll -->
  <system-out/>
  <testcase name="testprintPhones" time="0.000" classname="TailoredSuite.AB_suit">
    <skipped/>
  </testcase> <!-- testprintPhones -->
  <system-out/>
  <testcase name="testExportAllRecordCSVFile" time="0.000" classname="TailoredSuite.AB_suit">
    <skipped/>
  </testcase> <!-- testExportAllRecordCSVFile -->
  <system-out/>
  <testcase name="testnextBirthdays" time="0.000" classname="TailoredSuite.AB_suit">
    <skipped/>
  </testcase> <!-- testnextBirthdays -->
  <system-out/>
  <testcase name="CheckPhonesTest" time="0.000" classname="TailoredSuite.AB_suit">
    <skipped/>
  </testcase> <!-- CheckPhonesTest -->
  <system-out/>
  <testcase name="SearchEntryTest" time="0.000" classname="TailoredSuite.AB_suit">
    <skipped/>
  </testcase> <!-- SearchEntryTest -->
  <system-out/>
  <testcase name="testAddMultipleContactEnteries" time="0.000" classname="TailoredSuite.AB_suit">
    <skipped/>
  </testcase> <!-- testAddMultipleContactEnteries -->
  <system-out/>
  <testcase name="testAddMultipleMultipleGroups" time="0.000" classname="TailoredSuite.AB_suit">
    <skipped/>
  </testcase> <!-- testAddMultipleMultipleGroups -->
  <system-out/>
  <testcase name="testVerifyWrongEntry" time="0.000" classname="TailoredSuite.AB_suit">
    <skipped/>
  </testcase> <!-- testVerifyWrongEntry -->
  <system-out/>
</testsuite> <!-- TailoredSuite.AB_suit -->
