<?xml version="1.0" encoding="UTF-8"?>
<!-- Generated by org.testng.reporters.JUnitReportReporter -->
<testsuite skipped="52" hostname="840G3" name="InputSuite.ClarolineTestScriptsold" tests="53" failures="0" timestamp="2021-06-03T15:08:39 PKT" time="0.080" errors="1">
  <testcase name="testAddCourse" time="0.000" classname="InputSuite.ClarolineTestScriptsold">
    <skipped/>
  </testcase> <!-- testAddCourse -->
  <system-out/>
  <testcase name="testSupport" time="0.000" classname="InputSuite.ClarolineTestScriptsold">
    <skipped/>
  </testcase> <!-- testSupport -->
  <system-out/>
  <testcase name="testShowDesktopUser001" time="0.000" classname="InputSuite.ClarolineTestScriptsold">
    <skipped/>
  </testcase> <!-- testShowDesktopUser001 -->
  <system-out/>
  <testcase name="testAddMultipleUsers" time="0.000" classname="InputSuite.ClarolineTestScriptsold">
    <skipped/>
  </testcase> <!-- testAddMultipleUsers -->
  <system-out/>
  <testcase name="testAddClass" time="0.000" classname="InputSuite.ClarolineTestScriptsold">
    <skipped/>
  </testcase> <!-- testAddClass -->
  <system-out/>
  <testcase name="testCreateNewUser" time="0.000" classname="InputSuite.ClarolineTestScriptsold">
    <skipped/>
  </testcase> <!-- testCreateNewUser -->
  <system-out/>
  <testcase name="testCourseDesc" time="0.000" classname="InputSuite.ClarolineTestScriptsold">
    <skipped/>
  </testcase> <!-- testCourseDesc -->
  <system-out/>
  <testcase name="testManage" time="0.000" classname="InputSuite.ClarolineTestScriptsold">
    <skipped/>
  </testcase> <!-- testManage -->
  <system-out/>
  <testcase name="testCourseDescA7" time="0.000" classname="InputSuite.ClarolineTestScriptsold">
    <skipped/>
  </testcase> <!-- testCourseDescA7 -->
  <system-out/>
  <testcase name="testAddCourseExcercise" time="0.000" classname="InputSuite.ClarolineTestScriptsold">
    <skipped/>
  </testcase> <!-- testAddCourseExcercise -->
  <system-out/>
  <testcase name="testAddWrongEmail" time="0.000" classname="InputSuite.ClarolineTestScriptsold">
    <skipped/>
  </testcase> <!-- testAddWrongEmail -->
  <system-out/>
  <testcase name="testExercise" time="0.000" classname="InputSuite.ClarolineTestScriptsold">
    <skipped/>
  </testcase> <!-- testExercise -->
  <system-out/>
  <testcase name="testSearchUser" time="0.000" classname="InputSuite.ClarolineTestScriptsold">
    <skipped/>
  </testcase> <!-- testSearchUser -->
  <system-out/>
  <testcase name="testShowMessagesUser001" time="0.000" classname="InputSuite.ClarolineTestScriptsold">
    <skipped/>
  </testcase> <!-- testShowMessagesUser001 -->
  <system-out/>
  <testcase name="testAddWrongPassword" time="0.000" classname="InputSuite.ClarolineTestScriptsold">
    <skipped/>
  </testcase> <!-- testAddWrongPassword -->
  <system-out/>
  <testcase name="testCourseCategoryEdit" time="0.000" classname="InputSuite.ClarolineTestScriptsold">
    <skipped/>
  </testcase> <!-- testCourseCategoryEdit -->
  <system-out/>
  <testcase name="testDoCourseExcerciseQuestions" time="0.000" classname="InputSuite.ClarolineTestScriptsold">
    <skipped/>
  </testcase> <!-- testDoCourseExcerciseQuestions -->
  <system-out/>
  <testcase name="testSearchAllowedCourse" time="0.000" classname="InputSuite.ClarolineTestScriptsold">
    <skipped/>
  </testcase> <!-- testSearchAllowedCourse -->
  <system-out/>
  <testcase name="testGetUser001UserList" time="0.000" classname="InputSuite.ClarolineTestScriptsold">
    <skipped/>
  </testcase> <!-- testGetUser001UserList -->
  <system-out/>
  <testcase name="testRemoveCourseEnrollment" time="0.000" classname="InputSuite.ClarolineTestScriptsold">
    <skipped/>
  </testcase> <!-- testRemoveCourseEnrollment -->
  <system-out/>
  <testcase name="testEditTextZone" time="0.000" classname="InputSuite.ClarolineTestScriptsold">
    <skipped/>
  </testcase> <!-- testEditTextZone -->
  <system-out/>
  <testcase name="testGetUser001ViewModules" time="0.000" classname="InputSuite.ClarolineTestScriptsold">
    <skipped/>
  </testcase> <!-- testGetUser001ViewModules -->
  <system-out/>
  <testcase name="testManageUsers" time="0.000" classname="InputSuite.ClarolineTestScriptsold">
    <skipped/>
  </testcase> <!-- testManageUsers -->
  <system-out/>
  <testcase name="testVerifyAuthenticatedUser" time="0.000" classname="InputSuite.ClarolineTestScriptsold">
    <skipped/>
  </testcase> <!-- testVerifyAuthenticatedUser -->
  <system-out/>
  <testcase name="testUserList" time="0.000" classname="InputSuite.ClarolineTestScriptsold">
    <skipped/>
  </testcase> <!-- testUserList -->
  <system-out/>
  <testcase name="testEnrolCourseWithActivationKey" time="0.000" classname="InputSuite.ClarolineTestScriptsold">
    <skipped/>
  </testcase> <!-- testEnrolCourseWithActivationKey -->
  <system-out/>
  <testcase name="testViewProfileStatisticsUser" time="0.000" classname="InputSuite.ClarolineTestScriptsold">
    <skipped/>
  </testcase> <!-- testViewProfileStatisticsUser -->
  <system-out/>
  <testcase name="testLoginLogout" time="0.000" classname="InputSuite.ClarolineTestScriptsold">
    <skipped/>
  </testcase> <!-- testLoginLogout -->
  <system-out/>
  <testcase name="testRemoveMultipleEnrollments" time="0.000" classname="InputSuite.ClarolineTestScriptsold">
    <skipped/>
  </testcase> <!-- testRemoveMultipleEnrollments -->
  <system-out/>
  <testcase name="testAddUser" time="0.000" classname="InputSuite.ClarolineTestScriptsold">
    <skipped/>
  </testcase> <!-- testAddUser -->
  <system-out/>
  <testcase name="testViewProfile" time="0.000" classname="InputSuite.ClarolineTestScriptsold">
    <skipped/>
  </testcase> <!-- testViewProfile -->
  <system-out/>
  <testcase name="testSendMessage" time="0.000" classname="InputSuite.ClarolineTestScriptsold">
    <skipped/>
  </testcase> <!-- testSendMessage -->
  <system-out/>
  <testcase name="testWiki" time="0.000" classname="InputSuite.ClarolineTestScriptsold">
    <skipped/>
  </testcase> <!-- testWiki -->
  <system-out/>
  <testcase name="testAddEmptyUsers" time="0.000" classname="InputSuite.ClarolineTestScriptsold">
    <skipped/>
  </testcase> <!-- testAddEmptyUsers -->
  <system-out/>
  <testcase name="testAddCourseTestEvent" time="0.000" classname="InputSuite.ClarolineTestScriptsold">
    <skipped/>
  </testcase> <!-- testAddCourseTestEvent -->
  <system-out/>
  <testcase name="testAddCategory" time="0.000" classname="InputSuite.ClarolineTestScriptsold">
    <skipped/>
  </testcase> <!-- testAddCategory -->
  <system-out/>
  <testcase name="testAddPhone" time="0.000" classname="InputSuite.ClarolineTestScriptsold">
    <skipped/>
  </testcase> <!-- testAddPhone -->
  <system-out/>
  <testcase name="testRemoveUsers" time="0.000" classname="InputSuite.ClarolineTestScriptsold">
    <skipped/>
  </testcase> <!-- testRemoveUsers -->
  <system-out/>
  <testcase name="testSearchAdmin" time="0.000" classname="InputSuite.ClarolineTestScriptsold">
    <skipped/>
  </testcase> <!-- testSearchAdmin -->
  <system-out/>
  <testcase name="testAddEmptyCourse" time="0.000" classname="InputSuite.ClarolineTestScriptsold">
    <skipped/>
  </testcase> <!-- testAddEmptyCourse -->
  <system-out/>
  <testcase name="testAddUserTwice" time="0.000" classname="InputSuite.ClarolineTestScriptsold">
    <skipped/>
  </testcase> <!-- testAddUserTwice -->
  <system-out/>
  <testcase name="testDeletingCategory" time="0.000" classname="InputSuite.ClarolineTestScriptsold">
    <skipped/>
  </testcase> <!-- testDeletingCategory -->
  <system-out/>
  <testcase name="testUser001UserListSendMesssageToAll" time="0.000" classname="InputSuite.ClarolineTestScriptsold">
    <skipped/>
  </testcase> <!-- testUser001UserListSendMesssageToAll -->
  <system-out/>
  <testcase name="Setup" time="0.080" classname="InputSuite.ClarolineTestScriptsold">
    <error type="java.lang.NoClassDefFoundError" message="org/apache/commons/exec/Executor">
      <![CDATA[java.lang.NoClassDefFoundError: org/apache/commons/exec/Executor
at org.openqa.selenium.os.CommandLine.<init>(CommandLine.java:38)
at org.openqa.selenium.remote.service.DriverService.start(DriverService.java:174)
at org.openqa.selenium.remote.service.DriverCommandExecutor.execute(DriverCommandExecutor.java:79)
at org.openqa.selenium.remote.RemoteWebDriver.execute(RemoteWebDriver.java:552)
at org.openqa.selenium.remote.RemoteWebDriver.startSession(RemoteWebDriver.java:213)
at org.openqa.selenium.remote.RemoteWebDriver.<init>(RemoteWebDriver.java:131)
at org.openqa.selenium.firefox.FirefoxDriver.<init>(FirefoxDriver.java:147)
at org.openqa.selenium.firefox.FirefoxDriver.<init>(FirefoxDriver.java:125)
at InputSuite.ClarolineTestScriptsold.Setup(ClarolineTestScriptsold.java:42)
at sun.reflect.NativeMethodAccessorImpl.invoke0(Native Method)
at sun.reflect.NativeMethodAccessorImpl.invoke(Unknown Source)
at sun.reflect.DelegatingMethodAccessorImpl.invoke(Unknown Source)
at java.lang.reflect.Method.invoke(Unknown Source)
at org.testng.internal.MethodInvocationHelper.invokeMethod(MethodInvocationHelper.java:132)
at org.testng.internal.MethodInvocationHelper.invokeMethodConsideringTimeout(MethodInvocationHelper.java:61)
at org.testng.internal.ConfigInvoker.invokeConfigurationMethod(ConfigInvoker.java:366)
at org.testng.internal.ConfigInvoker.invokeConfigurations(ConfigInvoker.java:320)
at org.testng.internal.TestMethodWorker.invokeBeforeClassMethods(TestMethodWorker.java:176)
at org.testng.internal.TestMethodWorker.run(TestMethodWorker.java:122)
at java.util.ArrayList.forEach(Unknown Source)
at org.testng.TestRunner.privateRun(TestRunner.java:764)
at org.testng.TestRunner.run(TestRunner.java:585)
at org.testng.SuiteRunner.runTest(SuiteRunner.java:384)
at org.testng.SuiteRunner.runSequentially(SuiteRunner.java:378)
at org.testng.SuiteRunner.privateRun(SuiteRunner.java:337)
at org.testng.SuiteRunner.run(SuiteRunner.java:286)
at org.testng.SuiteRunnerWorker.runSuite(SuiteRunnerWorker.java:53)
at org.testng.SuiteRunnerWorker.run(SuiteRunnerWorker.java:96)
at org.testng.TestNG.runSuitesSequentially(TestNG.java:1218)
at org.testng.TestNG.runSuitesLocally(TestNG.java:1140)
at org.testng.TestNG.runSuites(TestNG.java:1069)
at org.testng.TestNG.run(TestNG.java:1037)
at Logics.TestNGRunner.testRunner(TestNGRunner.java:56)
at View.Index.lambda$3(Index.java:197)
at com.sun.javafx.event.CompositeEventHandler.dispatchBubblingEvent(CompositeEventHandler.java:86)
at com.sun.javafx.event.EventHandlerManager.dispatchBubblingEvent(EventHandlerManager.java:238)
at com.sun.javafx.event.EventHandlerManager.dispatchBubblingEvent(EventHandlerManager.java:191)
at com.sun.javafx.event.CompositeEventDispatcher.dispatchBubblingEvent(CompositeEventDispatcher.java:59)
at com.sun.javafx.event.BasicEventDispatcher.dispatchEvent(BasicEventDispatcher.java:58)
at com.sun.javafx.event.EventDispatchChainImpl.dispatchEvent(EventDispatchChainImpl.java:114)
at com.sun.javafx.event.BasicEventDispatcher.dispatchEvent(BasicEventDispatcher.java:56)
at com.sun.javafx.event.EventDispatchChainImpl.dispatchEvent(EventDispatchChainImpl.java:114)
at com.sun.javafx.event.BasicEventDispatcher.dispatchEvent(BasicEventDispatcher.java:56)
at com.sun.javafx.event.EventDispatchChainImpl.dispatchEvent(EventDispatchChainImpl.java:114)
at com.sun.javafx.event.EventUtil.fireEventImpl(EventUtil.java:74)
at com.sun.javafx.event.EventUtil.fireEvent(EventUtil.java:49)
at javafx.event.Event.fireEvent(Event.java:198)
at javafx.scene.Node.fireEvent(Node.java:8411)
at javafx.scene.control.Button.fire(Button.java:185)
at com.sun.javafx.scene.control.behavior.ButtonBehavior.mouseReleased(ButtonBehavior.java:182)
at com.sun.javafx.scene.control.skin.BehaviorSkinBase$1.handle(BehaviorSkinBase.java:96)
at com.sun.javafx.scene.control.skin.BehaviorSkinBase$1.handle(BehaviorSkinBase.java:89)
at com.sun.javafx.event.CompositeEventHandler$NormalEventHandlerRecord.handleBubblingEvent(CompositeEventHandler.java:218)
at com.sun.javafx.event.CompositeEventHandler.dispatchBubblingEvent(CompositeEventHandler.java:80)
at com.sun.javafx.event.EventHandlerManager.dispatchBubblingEvent(EventHandlerManager.java:238)
at com.sun.javafx.event.EventHandlerManager.dispatchBubblingEvent(EventHandlerManager.java:191)
at com.sun.javafx.event.CompositeEventDispatcher.dispatchBubblingEvent(CompositeEventDispatcher.java:59)
at com.sun.javafx.event.BasicEventDispatcher.dispatchEvent(BasicEventDispatcher.java:58)
at com.sun.javafx.event.EventDispatchChainImpl.dispatchEvent(EventDispatchChainImpl.java:114)
at com.sun.javafx.event.BasicEventDispatcher.dispatchEvent(BasicEventDispatcher.java:56)
at com.sun.javafx.event.EventDispatchChainImpl.dispatchEvent(EventDispatchChainImpl.java:114)
at com.sun.javafx.event.BasicEventDispatcher.dispatchEvent(BasicEventDispatcher.java:56)
at com.sun.javafx.event.EventDispatchChainImpl.dispatchEvent(EventDispatchChainImpl.java:114)
at com.sun.javafx.event.EventUtil.fireEventImpl(EventUtil.java:74)
at com.sun.javafx.event.EventUtil.fireEvent(EventUtil.java:54)
at javafx.event.Event.fireEvent(Event.java:198)
at javafx.scene.Scene$MouseHandler.process(Scene.java:3757)
at javafx.scene.Scene$MouseHandler.access$1500(Scene.java:3485)
at javafx.scene.Scene.impl_processMouseEvent(Scene.java:1762)
at javafx.scene.Scene$ScenePeerListener.mouseEvent(Scene.java:2494)
at com.sun.javafx.tk.quantum.GlassViewEventHandler$MouseEventNotification.run(GlassViewEventHandler.java:394)
at com.sun.javafx.tk.quantum.GlassViewEventHandler$MouseEventNotification.run(GlassViewEventHandler.java:295)
at java.security.AccessController.doPrivileged(Native Method)
at com.sun.javafx.tk.quantum.GlassViewEventHandler.lambda$handleMouseEvent$2(GlassViewEventHandler.java:432)
at com.sun.javafx.tk.quantum.QuantumToolkit.runWithoutRenderLock(QuantumToolkit.java:410)
at com.sun.javafx.tk.quantum.GlassViewEventHandler.handleMouseEvent(GlassViewEventHandler.java:431)
at com.sun.glass.ui.View.handleMouseEvent(View.java:555)
at com.sun.glass.ui.View.notifyMouse(View.java:937)
at com.sun.glass.ui.win.WinApplication._runLoop(Native Method)
at com.sun.glass.ui.win.WinApplication.lambda$null$4(WinApplication.java:186)
at java.lang.Thread.run(Unknown Source)
Caused by: java.lang.ClassNotFoundException: org.apache.commons.exec.Executor
at java.net.URLClassLoader.findClass(Unknown Source)
at java.lang.ClassLoader.loadClass(Unknown Source)
at sun.misc.Launcher$AppClassLoader.loadClass(Unknown Source)
at java.lang.ClassLoader.loadClass(Unknown Source)
... 81 more
]]>
    </error>
  </testcase> <!-- Setup -->
  <system-out/>
  <testcase name="testAddNewCategory" time="0.000" classname="InputSuite.ClarolineTestScriptsold">
    <skipped/>
  </testcase> <!-- testAddNewCategory -->
  <system-out/>
  <testcase name="testRemoveCourse" time="0.000" classname="InputSuite.ClarolineTestScriptsold">
    <skipped/>
  </testcase> <!-- testRemoveCourse -->
  <system-out/>
  <testcase name="testGetUser001ViewCourseList" time="0.000" classname="InputSuite.ClarolineTestScriptsold">
    <skipped/>
  </testcase> <!-- testGetUser001ViewCourseList -->
  <system-out/>
  <testcase name="testAnnouncement" time="0.000" classname="InputSuite.ClarolineTestScriptsold">
    <skipped/>
  </testcase> <!-- testAnnouncement -->
  <system-out/>
  <testcase name="testAddSameUserTwice" time="0.000" classname="InputSuite.ClarolineTestScriptsold">
    <skipped/>
  </testcase> <!-- testAddSameUserTwice -->
  <system-out/>
  <testcase name="testAddAdmin" time="0.000" classname="InputSuite.ClarolineTestScriptsold">
    <skipped/>
  </testcase> <!-- testAddAdmin -->
  <system-out/>
  <testcase name="testAssign" time="0.000" classname="InputSuite.ClarolineTestScriptsold">
    <skipped/>
  </testcase> <!-- testAssign -->
  <system-out/>
  <testcase name="testEnrollMultipleUsers" time="0.000" classname="InputSuite.ClarolineTestScriptsold">
    <skipped/>
  </testcase> <!-- testEnrollMultipleUsers -->
  <system-out/>
  <testcase name="testEnrollUser" time="0.000" classname="InputSuite.ClarolineTestScriptsold">
    <skipped/>
  </testcase> <!-- testEnrollUser -->
  <system-out/>
</testsuite> <!-- InputSuite.ClarolineTestScriptsold -->
